<?xml version="1.0" encoding="UTF-8"?>
<!-- Generated by org.testng.reporters.JUnitXMLReporter -->
<testsuite ignored="0" hostname="DESKTOP-P6KQ8GT" failures="1" tests="1" name="Test Edge" time="22.493" errors="0" timestamp="2022-12-29T14:11:04 IST">
  <testcase classname="TestCase.TestCollectionPage" name="abc" time="14.097">
    <failure type="java.lang.AssertionError" message="failed to click on checkclickxlbtn expected [true] but found [false]">
      <![CDATA[java.lang.AssertionError: failed to click on checkclickxlbtn expected [true] but found [false]
at TestCase.TestCollectionPage.abc(TestCollectionPage.java:29)
at java.base/java.util.ArrayList.forEach(ArrayList.java:1511)
... Removed 32 stack frames]]>
    </failure>
  </testcase> <!-- abc -->
</testsuite> <!-- Test Edge -->
