<?xml version="1.0" encoding="UTF-8"?>
<!-- Generated by org.testng.reporters.JUnitXMLReporter -->
<testsuite ignored="0" hostname="DESKTOP-P6KQ8GT" failures="1" tests="1" name="Test chrome" time="25.661" errors="0" timestamp="2022-12-17T10:59:39 IST">
  <testcase classname="TestCase.TestCollectionPage" name="abc" time="14.028">
    <failure type="java.lang.AssertionError" message="failed to click on clickviewmycrt expected [true] but found [false]">
      <![CDATA[java.lang.AssertionError: failed to click on clickviewmycrt expected [true] but found [false]
at TestCase.TestCollectionPage.abc(TestCollectionPage.java:37)
at java.base/java.util.ArrayList.forEach(ArrayList.java:1511)
... Removed 32 stack frames]]>
    </failure>
  </testcase> <!-- abc -->
</testsuite> <!-- Test chrome -->
