<?xml version="1.0" encoding="UTF-8"?>
<testng-results ignored="0" total="1" passed="0" failed="1" skipped="0">
  <reporter-output>
  </reporter-output>
  <suite started-at="2023-05-29T13:08:45 IST" name="Suite" finished-at="2023-05-29T13:09:07 IST" duration-ms="21868">
    <groups>
    </groups>
    <test started-at="2023-05-29T13:08:45 IST" name="Test chrome" finished-at="2023-05-29T13:09:07 IST" duration-ms="21868">
      <class name="TestCase.TestCollectionPage">
        <test-method is-config="true" signature="display1()[pri:0, instance:TestCase.TestCollectionPage@4659191b]" started-at="2023-05-29T13:08:45 IST" name="display1" finished-at="2023-05-29T13:08:45 IST" duration-ms="467" status="PASS">
          <reporter-output>
          </reporter-output>
        </test-method> <!-- display1 -->
        <test-method is-config="true" signature="setBrowser(java.lang.String)[pri:0, instance:TestCase.TestCollectionPage@4659191b]" started-at="2023-05-29T13:08:45 IST" name="setBrowser" finished-at="2023-05-29T13:08:56 IST" duration-ms="10639" status="PASS">
          <params>
            <param index="0">
              <value>
                <![CDATA[chrome]]>
              </value>
            </param>
          </params>
          <reporter-output>
          </reporter-output>
        </test-method> <!-- setBrowser -->
        <test-method signature="abc()[pri:0, instance:TestCase.TestCollectionPage@4659191b]" started-at="2023-05-29T13:08:56 IST" name="abc" description="Test_CollectionPage" finished-at="2023-05-29T13:09:07 IST" duration-ms="10598" status="FAIL">
          <exception class="java.lang.AssertionError">
            <message>
              <![CDATA[failed to click on checkclickproduct expected [true] but found [false]]]>
            </message>
            <full-stacktrace>
              <![CDATA[java.lang.AssertionError: failed to click on checkclickproduct expected [true] but found [false]
at org.testng.Assert.fail(Assert.java:99)
at org.testng.Assert.failNotEquals(Assert.java:1037)
at org.testng.Assert.assertEqualsImpl(Assert.java:140)
at org.testng.Assert.assertEquals(Assert.java:122)
at org.testng.Assert.assertEquals(Assert.java:819)
at TestCase.TestCollectionPage.abc(TestCollectionPage.java:20)
at java.base/jdk.internal.reflect.NativeMethodAccessorImpl.invoke0(Native Method)
at java.base/jdk.internal.reflect.NativeMethodAccessorImpl.invoke(NativeMethodAccessorImpl.java:77)
at java.base/jdk.internal.reflect.DelegatingMethodAccessorImpl.invoke(DelegatingMethodAccessorImpl.java:43)
at java.base/java.lang.reflect.Method.invoke(Method.java:568)
at org.testng.internal.MethodInvocationHelper.invokeMethod(MethodInvocationHelper.java:133)
at org.testng.internal.TestInvoker.invokeMethod(TestInvoker.java:598)
at org.testng.internal.TestInvoker.invokeTestMethod(TestInvoker.java:173)
at org.testng.internal.MethodRunner.runInSequence(MethodRunner.java:46)
at org.testng.internal.TestInvoker$MethodInvocationAgent.invoke(TestInvoker.java:824)
at org.testng.internal.TestInvoker.invokeTestMethods(TestInvoker.java:146)
at org.testng.internal.TestMethodWorker.invokeTestMethods(TestMethodWorker.java:146)
at org.testng.internal.TestMethodWorker.run(TestMethodWorker.java:128)
at java.base/java.util.ArrayList.forEach(ArrayList.java:1511)
at org.testng.TestRunner.privateRun(TestRunner.java:794)
at org.testng.TestRunner.run(TestRunner.java:596)
at org.testng.SuiteRunner.runTest(SuiteRunner.java:377)
at org.testng.SuiteRunner.runSequentially(SuiteRunner.java:371)
at org.testng.SuiteRunner.privateRun(SuiteRunner.java:332)
at org.testng.SuiteRunner.run(SuiteRunner.java:276)
at org.testng.SuiteRunnerWorker.runSuite(SuiteRunnerWorker.java:53)
at org.testng.SuiteRunnerWorker.run(SuiteRunnerWorker.java:96)
at org.testng.TestNG.runSuitesSequentially(TestNG.java:1212)
at org.testng.TestNG.runSuitesLocally(TestNG.java:1134)
at org.testng.TestNG.runSuites(TestNG.java:1063)
at org.testng.TestNG.run(TestNG.java:1031)
at org.testng.remote.AbstractRemoteTestNG.run(AbstractRemoteTestNG.java:115)
at org.testng.remote.RemoteTestNG.initAndRun(RemoteTestNG.java:251)
at org.testng.remote.RemoteTestNG.main(RemoteTestNG.java:77)
]]>
            </full-stacktrace>
          </exception> <!-- java.lang.AssertionError -->
          <reporter-output>
          </reporter-output>
        </test-method> <!-- abc -->
        <test-method is-config="true" signature="close()[pri:0, instance:TestCase.TestCollectionPage@4659191b]" started-at="2023-05-29T13:09:07 IST" name="close" finished-at="2023-05-29T13:09:07 IST" duration-ms="340" status="PASS">
          <reporter-output>
          </reporter-output>
        </test-method> <!-- close -->
        <test-method is-config="true" signature="display2()[pri:0, instance:TestCase.TestCollectionPage@4659191b]" started-at="2023-05-29T13:09:07 IST" name="display2" finished-at="2023-05-29T13:09:08 IST" duration-ms="330" status="PASS">
          <reporter-output>
          </reporter-output>
        </test-method> <!-- display2 -->
      </class> <!-- TestCase.TestCollectionPage -->
    </test> <!-- Test chrome -->
  </suite> <!-- Suite -->
</testng-results>
